0 info it worked if it ends with ok
1 verbose cli [ '/usr/bin/node', '/usr/bin/npm', 'init' ]
2 info using npm@3.5.2
3 info using node@v8.10.0
4 verbose config Skipping project config: /home/david/.npmrc. (matches userconfig)
5 silly package data undefined
6 info init written successfully
7 verbose stack Error: Unsupported URL Type: Tema8:Gulp.Task_Runner_para_desarrolladores_Front-End
7 verbose stack     at parseUrl (/usr/share/npm/node_modules/npm-package-arg/npa.js:169:13)
7 verbose stack     at npa (/usr/share/npm/node_modules/npm-package-arg/npa.js:75:12)
7 verbose stack     at Object.<anonymous> (/usr/share/npm/node_modules/init-package-json/default-input.js:49:12)
7 verbose stack     at PromZard.loaded (/usr/share/npm/node_modules/init-package-json/node_modules/promzard/promzard.js:90:22)
7 verbose stack     at PromZard.<anonymous> (/usr/share/npm/node_modules/init-package-json/node_modules/promzard/promzard.js:67:10)
7 verbose stack     at /usr/share/npm/node_modules/graceful-fs/graceful-fs.js:76:16
7 verbose stack     at FSReqWrap.readFileAfterClose [as oncomplete] (fs.js:511:3)
8 verbose cwd /home/david/lenguaje_de_marcas/Tema8:Gulp.Task_Runner_para_desarrolladores_Front-End
9 error Linux 5.3.0-51-generic
10 error argv "/usr/bin/node" "/usr/bin/npm" "init"
11 error node v8.10.0
12 error npm  v3.5.2
13 error Unsupported URL Type: Tema8:Gulp.Task_Runner_para_desarrolladores_Front-End
14 error If you need help, you may report this error at:
14 error     <https://github.com/npm/npm/issues>
15 verbose exit [ 1, true ]
